[2025-10-26T23:55:13.988Z] [ERROR] [currencyExchange] Failed to generate summary image | Data: {
  "error": "column \"countries.name\" must appear in the GROUP BY clause or be used in an aggregate function"
}
[2025-10-27T16:52:54.790Z] [ERROR] [currencyExchange] Database transaction failed during countries processing | Data: {
  "error": "n is not defined",
  "processed_count": 8
}
[2025-10-27T16:52:54.795Z] [ERROR] [currencyExchange] Critical error in refreshCountriesData | Data: {
  "error": "n is not defined",
  "stack": "ReferenceError: n is not defined\n    at refreshCountriesData (file:///C:/Users/USER/Documents/SW_Dev/Project1/currencyExchange/countryController.js:288:11)\n    at process.processTicksAndRejections (node:internal/process/task_queues:105:5)",
  "duration": 2
}
[2025-10-27T16:54:12.906Z] [ERROR] [currencyExchange] Database transaction failed during countries processing | Data: {
  "error": "n is not defined",
  "processed_count": 8
}
[2025-10-27T16:54:12.910Z] [ERROR] [currencyExchange] Critical error in refreshCountriesData | Data: {
  "error": "n is not defined",
  "stack": "ReferenceError: n is not defined\n    at refreshCountriesData (file:///C:/Users/USER/Documents/SW_Dev/Project1/currencyExchange/countryController.js:288:11)\n    at process.processTicksAndRejections (node:internal/process/task_queues:105:5)",
  "duration": 2
}
[2025-10-27T17:02:35.550Z] [ERROR] [currencyExchange] Database transaction failed during countries processing | Data: {
  "error": "constraint \"idx_countries_name_unique\" for table \"countries\" does not exist",
  "processed_count": 0
}
[2025-10-27T17:02:35.557Z] [ERROR] [currencyExchange] Critical error in refreshCountriesData | Data: {
  "error": "constraint \"idx_countries_name_unique\" for table \"countries\" does not exist",
  "stack": "error: constraint \"idx_countries_name_unique\" for table \"countries\" does not exist\n    at C:\\Users\\USER\\Documents\\SW_Dev\\Project1\\node_modules\\pg\\lib\\client.js:545:17\n    at process.processTicksAndRejections (node:internal/process/task_queues:105:5)\n    at async refreshCountriesData (file:///C:/Users/USER/Documents/SW_Dev/Project1/currencyExchange/countryController.js:320:9)",
  "duration": 2
}
